Using pre-set license
Built from '2020.3/staging' branch; Version is '2020.3.11f1 (99c7afb366b3) revision 10078127'; Using compiler version '192528614'; Build Type 'Release'
OS: 'Windows 10 Pro; OS build 19043.1288; Version 2009; 64bit' Language: 'en' Physical Memory: 32670 MB
BatchMode: 1, IsHumanControllingUs: 0, StartBugReporterOnCrash: 0, Is64bit: 1, IsPro: 0

 COMMAND LINE ARGUMENTS:
C:\Program Files\Unity\Hub\Editor\2020.3.11f1\Editor\Unity.exe
-adb2
-batchMode
-noUpm
-name
AssetImportWorker0
-projectPath
C:/Projects/Explode
-logFile
Logs/AssetImportWorker0.log
-srvPort
64792
Successfully changed project path to: C:/Projects/Explode
C:/Projects/Explode
Using Asset Import Pipeline V2.
Refreshing native plugins compatible for Editor in 35.08 ms, found 2 plugins.
Preloading 0 native plugins for Editor in 0.00 ms.
Initialize engine version: 2020.3.11f1 (99c7afb366b3)
[Subsystems] Discovering subsystems at path C:/Program Files/Unity/Hub/Editor/2020.3.11f1/Editor/Data/Resources/UnitySubsystems
[Subsystems] Discovering subsystems at path C:/Projects/Explode/Assets
GfxDevice: creating device client; threaded=0
Direct3D:
    Version:  Direct3D 11.0 [level 11.1]
    Renderer: NVIDIA GeForce GTX 1070 (ID=0x1b81)
    Vendor:   
    VRAM:     8088 MB
    Driver:   23.21.13.9125
Initialize mono
Mono path[0] = 'C:/Program Files/Unity/Hub/Editor/2020.3.11f1/Editor/Data/Managed'
Mono path[1] = 'C:/Program Files/Unity/Hub/Editor/2020.3.11f1/Editor/Data/MonoBleedingEdge/lib/mono/unityjit'
Mono config path = 'C:/Program Files/Unity/Hub/Editor/2020.3.11f1/Editor/Data/MonoBleedingEdge/etc'
Using monoOptions --debugger-agent=transport=dt_socket,embedding=1,server=y,suspend=n,address=127.0.0.1:56556
Begin MonoManager ReloadAssembly
Registering precompiled unity dll's ...
Register platform support module: C:/Program Files/Unity/Hub/Editor/2020.3.11f1/Editor/Data/PlaybackEngines/WindowsStandaloneSupport/UnityEditor.WindowsStandalone.Extensions.dll
Registered in 0.002529 seconds.
Native extension for WindowsStandalone target not found
Refreshing native plugins compatible for Editor in 30.76 ms, found 2 plugins.
Preloading 0 native plugins for Editor in 0.00 ms.
Mono: successfully reloaded assembly
- Completed reload, in  1.265 seconds
Platform modules already initialized, skipping
Registering precompiled user dll's ...
Registered in 0.004623 seconds.
Begin MonoManager ReloadAssembly
Native extension for WindowsStandalone target not found
Refreshing native plugins compatible for Editor in 0.36 ms, found 2 plugins.
Preloading 0 native plugins for Editor in 0.00 ms.
Mono: successfully reloaded assembly
- Completed reload, in  1.279 seconds
Platform modules already initialized, skipping
========================================================================
Worker process is ready to serve import requests
Launched and connected shader compiler UnityShaderCompiler.exe after 0.06 seconds
Refreshing native plugins compatible for Editor in 0.46 ms, found 2 plugins.
Preloading 0 native plugins for Editor in 0.00 ms.
Unloading 1386 Unused Serialized files (Serialized files now loaded: 0)
System memory in use before: 64.6 MB.
System memory in use after: 64.7 MB.

Unloading 19 unused Assets to reduce memory usage. Loaded Objects now: 1819.
Total: 2.421500 ms (FindLiveObjects: 0.179500 ms CreateObjectMapping: 0.036100 ms MarkObjects: 2.066700 ms  DeleteObjects: 0.137800 ms)

========================================================================
Received Import Request.
  path: Assets/Scenes
  artifactKey: Guid(e46eede7f95cabc49814857e84557905) Importer(815301076,1909f56bfc062723c751e8b465ee728b)
Start importing Assets/Scenes using Guid(e46eede7f95cabc49814857e84557905) Importer(815301076,1909f56bfc062723c751e8b465ee728b)  -> (artifact id: 'af8bc5a87f8993996e1c5b183bf45e16') in 0.005274 seconds
  Import took 0.007776 seconds .

========================================================================
Received Import Request.
  Time since last request: 1.758293 seconds.
  path: Assets/Explode.unity
  artifactKey: Guid(477245cc57867fd4c9a5dfe3dad0831e) Importer(815301076,1909f56bfc062723c751e8b465ee728b)
Start importing Assets/Explode.unity using Guid(477245cc57867fd4c9a5dfe3dad0831e) Importer(815301076,1909f56bfc062723c751e8b465ee728b)  -> (artifact id: '476362acc5e368f538b53d09c2f0d081') in 0.013384 seconds
  Import took 0.015679 seconds .

========================================================================
Received Prepare
Registering precompiled user dll's ...
Registered in 0.005907 seconds.
Begin MonoManager ReloadAssembly
Native extension for WindowsStandalone target not found
Refreshing native plugins compatible for Editor in 0.29 ms, found 2 plugins.
Preloading 0 native plugins for Editor in 0.00 ms.
Mono: successfully reloaded assembly
- Completed reload, in  1.187 seconds
Platform modules already initialized, skipping
Refreshing native plugins compatible for Editor in 0.43 ms, found 2 plugins.
Preloading 0 native plugins for Editor in 0.00 ms.
Unloading 1382 Unused Serialized files (Serialized files now loaded: 0)
System memory in use before: 64.6 MB.
System memory in use after: 64.7 MB.

Unloading 14 unused Assets to reduce memory usage. Loaded Objects now: 1823.
Total: 2.536800 ms (FindLiveObjects: 0.135700 ms CreateObjectMapping: 0.072000 ms MarkObjects: 2.199000 ms  DeleteObjects: 0.128500 ms)

========================================================================
Received Prepare
Registering precompiled user dll's ...
Registered in 0.004510 seconds.
Begin MonoManager ReloadAssembly
Native extension for WindowsStandalone target not found
Refreshing native plugins compatible for Editor in 0.46 ms, found 2 plugins.
Preloading 0 native plugins for Editor in 0.00 ms.
Mono: successfully reloaded assembly
- Completed reload, in  1.068 seconds
Platform modules already initialized, skipping
Refreshing native plugins compatible for Editor in 0.43 ms, found 2 plugins.
Preloading 0 native plugins for Editor in 0.00 ms.
Unloading 1382 Unused Serialized files (Serialized files now loaded: 0)
System memory in use before: 64.6 MB.
System memory in use after: 64.7 MB.

Unloading 14 unused Assets to reduce memory usage. Loaded Objects now: 1826.
Total: 2.601300 ms (FindLiveObjects: 0.134300 ms CreateObjectMapping: 0.038900 ms MarkObjects: 2.298700 ms  DeleteObjects: 0.128200 ms)

========================================================================
Received Prepare
Registering precompiled user dll's ...
Registered in 0.005045 seconds.
Begin MonoManager ReloadAssembly
Native extension for WindowsStandalone target not found
Refreshing native plugins compatible for Editor in 0.29 ms, found 2 plugins.
Preloading 0 native plugins for Editor in 0.00 ms.
Mono: successfully reloaded assembly
- Completed reload, in  1.084 seconds
Platform modules already initialized, skipping
Refreshing native plugins compatible for Editor in 0.31 ms, found 2 plugins.
Preloading 0 native plugins for Editor in 0.00 ms.
Unloading 1382 Unused Serialized files (Serialized files now loaded: 0)
System memory in use before: 64.6 MB.
System memory in use after: 64.7 MB.

Unloading 14 unused Assets to reduce memory usage. Loaded Objects now: 1829.
Total: 5.346700 ms (FindLiveObjects: 0.338500 ms CreateObjectMapping: 0.225700 ms MarkObjects: 4.596700 ms  DeleteObjects: 0.168800 ms)

========================================================================
Received Import Request.
  Time since last request: 279.553188 seconds.
  path: Assets
  artifactKey: Guid(00000000000000001000000000000000) Importer(815301076,1909f56bfc062723c751e8b465ee728b)
Start importing Assets using Guid(00000000000000001000000000000000) Importer(815301076,1909f56bfc062723c751e8b465ee728b)  -> (artifact id: '42d402b061de3733987d63b9cc3b64de') in 0.007117 seconds
  Import took 0.011284 seconds .

========================================================================
Received Prepare
Registering precompiled user dll's ...
Registered in 0.004410 seconds.
Begin MonoManager ReloadAssembly
Native extension for WindowsStandalone target not found
Refreshing native plugins compatible for Editor in 0.37 ms, found 2 plugins.
Preloading 0 native plugins for Editor in 0.00 ms.
Mono: successfully reloaded assembly
- Completed reload, in  1.110 seconds
Platform modules already initialized, skipping
Refreshing native plugins compatible for Editor in 0.60 ms, found 2 plugins.
Preloading 0 native plugins for Editor in 0.00 ms.
Unloading 1382 Unused Serialized files (Serialized files now loaded: 0)
System memory in use before: 64.7 MB.
System memory in use after: 64.7 MB.

Unloading 14 unused Assets to reduce memory usage. Loaded Objects now: 1832.
Total: 3.385300 ms (FindLiveObjects: 0.187700 ms CreateObjectMapping: 0.048100 ms MarkObjects: 3.044600 ms  DeleteObjects: 0.103500 ms)

========================================================================
Received Import Request.
  Time since last request: 54.483655 seconds.
  path: Assets/FarmerPlayer.prefab
  artifactKey: Guid(25cb05bcf42a99c4ea9bd7d19705e98c) Importer(815301076,1909f56bfc062723c751e8b465ee728b)
Start importing Assets/FarmerPlayer.prefab using Guid(25cb05bcf42a99c4ea9bd7d19705e98c) Importer(815301076,1909f56bfc062723c751e8b465ee728b)  -> (artifact id: '3050414ab3915fcbba95fb50e96d6a46') in 0.136983 seconds
  Import took 0.139747 seconds .

========================================================================
Received Import Request.
  Time since last request: 42.922530 seconds.
  path: Assets/FarmerPlayer.prefab
  artifactKey: Guid(25cb05bcf42a99c4ea9bd7d19705e98c) Importer(815301076,1909f56bfc062723c751e8b465ee728b)
Start importing Assets/FarmerPlayer.prefab using Guid(25cb05bcf42a99c4ea9bd7d19705e98c) Importer(815301076,1909f56bfc062723c751e8b465ee728b)  -> (artifact id: '3be204804b4dd1448bd4f38899b721e7') in 0.013017 seconds
  Import took 0.015949 seconds .

========================================================================
Received Import Request.
  Time since last request: 0.005266 seconds.
  path: Assets/FarmerPlayer.prefab
  artifactKey: Guid(25cb05bcf42a99c4ea9bd7d19705e98c) Importer(815301076,1909f56bfc062723c751e8b465ee728b)
Start importing Assets/FarmerPlayer.prefab using Guid(25cb05bcf42a99c4ea9bd7d19705e98c) Importer(815301076,1909f56bfc062723c751e8b465ee728b)  -> (artifact id: '3be204804b4dd1448bd4f38899b721e7') in 0.009468 seconds
  Import took 0.012147 seconds .

========================================================================
Received Import Request.
  Time since last request: 58.359982 seconds.
  path: Assets/FarmerPlayer.fbx
  artifactKey: Guid(f27d78c0162829848884c877187a1aab) Importer(815301076,1909f56bfc062723c751e8b465ee728b)
Start importing Assets/FarmerPlayer.fbx using Guid(f27d78c0162829848884c877187a1aab) Importer(815301076,1909f56bfc062723c751e8b465ee728b)  -> (artifact id: '21be3ab4b45c03b0cc681ac7bb53211e') in 0.141383 seconds
  Import took 0.144760 seconds .

========================================================================
Received Prepare
Registering precompiled user dll's ...
Registered in 0.006745 seconds.
Begin MonoManager ReloadAssembly
Native extension for WindowsStandalone target not found
Refreshing native plugins compatible for Editor in 0.29 ms, found 2 plugins.
Preloading 0 native plugins for Editor in 0.00 ms.
Mono: successfully reloaded assembly
- Completed reload, in  1.112 seconds
Platform modules already initialized, skipping
Refreshing native plugins compatible for Editor in 0.48 ms, found 2 plugins.
Preloading 0 native plugins for Editor in 0.00 ms.
Unloading 1382 Unused Serialized files (Serialized files now loaded: 0)
System memory in use before: 68.2 MB.
System memory in use after: 68.2 MB.

Unloading 14 unused Assets to reduce memory usage. Loaded Objects now: 1878.
Total: 2.768900 ms (FindLiveObjects: 0.249000 ms CreateObjectMapping: 0.084400 ms MarkObjects: 2.341800 ms  DeleteObjects: 0.092100 ms)

========================================================================
Received Import Request.
  Time since last request: 10.981714 seconds.
  path: Assets/FarmerPlayer.fbx
  artifactKey: Guid(f27d78c0162829848884c877187a1aab) Importer(815301076,1909f56bfc062723c751e8b465ee728b)
Start importing Assets/FarmerPlayer.fbx using Guid(f27d78c0162829848884c877187a1aab) Importer(815301076,1909f56bfc062723c751e8b465ee728b)  -> (artifact id: 'c278112e444403221041ea9e7d952515') in 0.135928 seconds
  Import took 0.138607 seconds .

========================================================================
Received Prepare
Registering precompiled user dll's ...
Registered in 0.008295 seconds.
Begin MonoManager ReloadAssembly
Native extension for WindowsStandalone target not found
Refreshing native plugins compatible for Editor in 0.28 ms, found 2 plugins.
Preloading 0 native plugins for Editor in 0.00 ms.
Mono: successfully reloaded assembly
- Completed reload, in  1.058 seconds
Platform modules already initialized, skipping
Refreshing native plugins compatible for Editor in 0.30 ms, found 2 plugins.
Preloading 0 native plugins for Editor in 0.00 ms.
Unloading 1382 Unused Serialized files (Serialized files now loaded: 0)
System memory in use before: 68.2 MB.
System memory in use after: 68.2 MB.

Unloading 14 unused Assets to reduce memory usage. Loaded Objects now: 1882.
Total: 2.192000 ms (FindLiveObjects: 0.154000 ms CreateObjectMapping: 0.037900 ms MarkObjects: 1.914700 ms  DeleteObjects: 0.084400 ms)

========================================================================
Received Import Request.
  Time since last request: 149.277029 seconds.
  path: Assets/MeshDestroy.cs
  artifactKey: Guid(3b7f500cc5617e748a1b4bad308a5289) Importer(815301076,1909f56bfc062723c751e8b465ee728b)
Start importing Assets/MeshDestroy.cs using Guid(3b7f500cc5617e748a1b4bad308a5289) Importer(815301076,1909f56bfc062723c751e8b465ee728b)  -> (artifact id: '068eea3fee3815554f4160846c5adf5c') in 0.012575 seconds
  Import took 0.015148 seconds .

========================================================================
Received Import Request.
  Time since last request: 0.000713 seconds.
  path: Assets/MeshDestroy.cs
  artifactKey: Guid(3b7f500cc5617e748a1b4bad308a5289) Importer(815301076,1909f56bfc062723c751e8b465ee728b)
Start importing Assets/MeshDestroy.cs using Guid(3b7f500cc5617e748a1b4bad308a5289) Importer(815301076,1909f56bfc062723c751e8b465ee728b)  -> (artifact id: '068eea3fee3815554f4160846c5adf5c') in 0.003731 seconds
  Import took 0.007256 seconds .

========================================================================
Received Prepare
Registering precompiled user dll's ...
Registered in 0.006031 seconds.
Begin MonoManager ReloadAssembly
Native extension for WindowsStandalone target not found
Refreshing native plugins compatible for Editor in 0.28 ms, found 2 plugins.
Preloading 0 native plugins for Editor in 0.00 ms.
Mono: successfully reloaded assembly
- Completed reload, in  0.976 seconds
Platform modules already initialized, skipping
Refreshing native plugins compatible for Editor in 0.32 ms, found 2 plugins.
Preloading 0 native plugins for Editor in 0.00 ms.
Unloading 1382 Unused Serialized files (Serialized files now loaded: 0)
System memory in use before: 68.2 MB.
System memory in use after: 68.3 MB.

Unloading 14 unused Assets to reduce memory usage. Loaded Objects now: 1885.
Total: 2.009300 ms (FindLiveObjects: 0.129700 ms CreateObjectMapping: 0.037500 ms MarkObjects: 1.790900 ms  DeleteObjects: 0.050500 ms)

========================================================================
Received Import Request.
  Time since last request: 326.307010 seconds.
  path: Assets/MeshDestroy.cs
  artifactKey: Guid(3b7f500cc5617e748a1b4bad308a5289) Importer(815301076,1909f56bfc062723c751e8b465ee728b)
Start importing Assets/MeshDestroy.cs using Guid(3b7f500cc5617e748a1b4bad308a5289) Importer(815301076,1909f56bfc062723c751e8b465ee728b)  -> (artifact id: '3b8db2a60600f69796d9adbbb091e63e') in 0.004062 seconds
  Import took 0.006107 seconds .

========================================================================
Received Prepare
Registering precompiled user dll's ...
Registered in 0.004705 seconds.
Begin MonoManager ReloadAssembly
Native extension for WindowsStandalone target not found
Refreshing native plugins compatible for Editor in 0.28 ms, found 2 plugins.
Preloading 0 native plugins for Editor in 0.00 ms.
Mono: successfully reloaded assembly
- Completed reload, in  0.958 seconds
Platform modules already initialized, skipping
Refreshing native plugins compatible for Editor in 0.28 ms, found 2 plugins.
Preloading 0 native plugins for Editor in 0.00 ms.
Unloading 1382 Unused Serialized files (Serialized files now loaded: 0)
System memory in use before: 68.2 MB.
System memory in use after: 68.3 MB.

Unloading 14 unused Assets to reduce memory usage. Loaded Objects now: 1888.
Total: 2.014800 ms (FindLiveObjects: 0.154100 ms CreateObjectMapping: 0.036300 ms MarkObjects: 1.741700 ms  DeleteObjects: 0.082000 ms)

========================================================================
Received Prepare
Registering precompiled user dll's ...
Registered in 0.004218 seconds.
Begin MonoManager ReloadAssembly
Native extension for WindowsStandalone target not found
Refreshing native plugins compatible for Editor in 0.39 ms, found 2 plugins.
Preloading 0 native plugins for Editor in 0.00 ms.
Mono: successfully reloaded assembly
- Completed reload, in  1.076 seconds
Platform modules already initialized, skipping
Refreshing native plugins compatible for Editor in 0.43 ms, found 2 plugins.
Preloading 0 native plugins for Editor in 0.00 ms.
Unloading 1382 Unused Serialized files (Serialized files now loaded: 0)
System memory in use before: 68.2 MB.
System memory in use after: 68.3 MB.

Unloading 14 unused Assets to reduce memory usage. Loaded Objects now: 1891.
Total: 2.173900 ms (FindLiveObjects: 0.167600 ms CreateObjectMapping: 0.049400 ms MarkObjects: 1.868100 ms  DeleteObjects: 0.088000 ms)

========================================================================
Received Import Request.
  Time since last request: 444.935222 seconds.
  path: Assets/DetectClick.cs
  artifactKey: Guid(e21d9df84ff8e274191f6d08d2cbf2b6) Importer(815301076,1909f56bfc062723c751e8b465ee728b)
Start importing Assets/DetectClick.cs using Guid(e21d9df84ff8e274191f6d08d2cbf2b6) Importer(815301076,1909f56bfc062723c751e8b465ee728b)  -> (artifact id: '207e27075ae146873162ec927b4539ed') in 0.006729 seconds
  Import took 0.010108 seconds .

========================================================================
Received Prepare
Registering precompiled user dll's ...
Registered in 0.004322 seconds.
Begin MonoManager ReloadAssembly
Native extension for WindowsStandalone target not found
Refreshing native plugins compatible for Editor in 0.58 ms, found 2 plugins.
Preloading 0 native plugins for Editor in 0.00 ms.
Mono: successfully reloaded assembly
- Completed reload, in  1.015 seconds
Platform modules already initialized, skipping
Refreshing native plugins compatible for Editor in 0.32 ms, found 2 plugins.
Preloading 0 native plugins for Editor in 0.00 ms.
Unloading 1383 Unused Serialized files (Serialized files now loaded: 0)
System memory in use before: 68.2 MB.
System memory in use after: 68.3 MB.

Unloading 14 unused Assets to reduce memory usage. Loaded Objects now: 1895.
Total: 2.060600 ms (FindLiveObjects: 0.149500 ms CreateObjectMapping: 0.037900 ms MarkObjects: 1.786500 ms  DeleteObjects: 0.086000 ms)

========================================================================
Received Prepare
Registering precompiled user dll's ...
Registered in 0.006216 seconds.
Begin MonoManager ReloadAssembly
Native extension for WindowsStandalone target not found
Refreshing native plugins compatible for Editor in 0.28 ms, found 2 plugins.
Preloading 0 native plugins for Editor in 0.00 ms.
Mono: successfully reloaded assembly
- Completed reload, in  1.098 seconds
Platform modules already initialized, skipping
Refreshing native plugins compatible for Editor in 0.29 ms, found 2 plugins.
Preloading 0 native plugins for Editor in 0.00 ms.
Unloading 1383 Unused Serialized files (Serialized files now loaded: 0)
System memory in use before: 68.2 MB.
System memory in use after: 68.3 MB.

Unloading 14 unused Assets to reduce memory usage. Loaded Objects now: 1898.
Total: 2.412000 ms (FindLiveObjects: 0.134900 ms CreateObjectMapping: 0.037100 ms MarkObjects: 2.112600 ms  DeleteObjects: 0.126400 ms)

========================================================================
Received Import Request.
  Time since last request: 99.184620 seconds.
  path: Assets/DetectClick.cs
  artifactKey: Guid(e21d9df84ff8e274191f6d08d2cbf2b6) Importer(815301076,1909f56bfc062723c751e8b465ee728b)
Start importing Assets/DetectClick.cs using Guid(e21d9df84ff8e274191f6d08d2cbf2b6) Importer(815301076,1909f56bfc062723c751e8b465ee728b)  -> (artifact id: '081183aab702b303d8eabbe40233fa9b') in 0.005895 seconds
  Import took 0.008121 seconds .

========================================================================
Received Import Request.
  Time since last request: 39.240060 seconds.
  path: Assets/MeshDestroy.cs
  artifactKey: Guid(3b7f500cc5617e748a1b4bad308a5289) Importer(815301076,1909f56bfc062723c751e8b465ee728b)
Start importing Assets/MeshDestroy.cs using Guid(3b7f500cc5617e748a1b4bad308a5289) Importer(815301076,1909f56bfc062723c751e8b465ee728b)  -> (artifact id: 'e9c5de32e5843b6a041d31f81e2113ad') in 0.003165 seconds
  Import took 0.007267 seconds .

========================================================================
Received Import Request.
  Time since last request: 0.004436 seconds.
  path: Assets/MeshDestroy.cs
  artifactKey: Guid(3b7f500cc5617e748a1b4bad308a5289) Importer(815301076,1909f56bfc062723c751e8b465ee728b)
Start importing Assets/MeshDestroy.cs using Guid(3b7f500cc5617e748a1b4bad308a5289) Importer(815301076,1909f56bfc062723c751e8b465ee728b)  -> (artifact id: 'e9c5de32e5843b6a041d31f81e2113ad') in 0.003572 seconds
  Import took 0.006159 seconds .

========================================================================
Received Prepare
Registering precompiled user dll's ...
Registered in 0.006345 seconds.
Begin MonoManager ReloadAssembly
Native extension for WindowsStandalone target not found
Refreshing native plugins compatible for Editor in 0.28 ms, found 2 plugins.
Preloading 0 native plugins for Editor in 0.00 ms.
Mono: successfully reloaded assembly
- Completed reload, in  1.108 seconds
Platform modules already initialized, skipping
Refreshing native plugins compatible for Editor in 0.28 ms, found 2 plugins.
Preloading 0 native plugins for Editor in 0.00 ms.
Unloading 1383 Unused Serialized files (Serialized files now loaded: 0)
System memory in use before: 68.2 MB.
System memory in use after: 68.3 MB.

Unloading 14 unused Assets to reduce memory usage. Loaded Objects now: 1901.
Total: 2.059800 ms (FindLiveObjects: 0.142600 ms CreateObjectMapping: 0.043900 ms MarkObjects: 1.804300 ms  DeleteObjects: 0.068200 ms)

========================================================================
Received Prepare
Registering precompiled user dll's ...
Registered in 0.004494 seconds.
Begin MonoManager ReloadAssembly
Native extension for WindowsStandalone target not found
Refreshing native plugins compatible for Editor in 0.27 ms, found 2 plugins.
Preloading 0 native plugins for Editor in 0.00 ms.
Mono: successfully reloaded assembly
- Completed reload, in  1.023 seconds
Platform modules already initialized, skipping
Refreshing native plugins compatible for Editor in 0.38 ms, found 2 plugins.
Preloading 0 native plugins for Editor in 0.00 ms.
Unloading 1383 Unused Serialized files (Serialized files now loaded: 0)
System memory in use before: 68.2 MB.
System memory in use after: 68.3 MB.

Unloading 14 unused Assets to reduce memory usage. Loaded Objects now: 1904.
Total: 2.074800 ms (FindLiveObjects: 0.145100 ms CreateObjectMapping: 0.035900 ms MarkObjects: 1.808300 ms  DeleteObjects: 0.084700 ms)

========================================================================
Received Prepare
Registering precompiled user dll's ...
Registered in 0.004860 seconds.
Begin MonoManager ReloadAssembly
Native extension for WindowsStandalone target not found
Refreshing native plugins compatible for Editor in 0.33 ms, found 2 plugins.
Preloading 0 native plugins for Editor in 0.00 ms.
Mono: successfully reloaded assembly
- Completed reload, in  0.982 seconds
Platform modules already initialized, skipping
Refreshing native plugins compatible for Editor in 0.30 ms, found 2 plugins.
Preloading 0 native plugins for Editor in 0.00 ms.
Unloading 1383 Unused Serialized files (Serialized files now loaded: 0)
System memory in use before: 68.2 MB.
System memory in use after: 68.3 MB.

Unloading 14 unused Assets to reduce memory usage. Loaded Objects now: 1907.
Total: 2.010600 ms (FindLiveObjects: 0.142000 ms CreateObjectMapping: 0.043400 ms MarkObjects: 1.738800 ms  DeleteObjects: 0.085400 ms)

========================================================================
Received Import Request.
  Time since last request: 228.397007 seconds.
  path: Assets/MeshDestroy.cs
  artifactKey: Guid(3b7f500cc5617e748a1b4bad308a5289) Importer(815301076,1909f56bfc062723c751e8b465ee728b)
Start importing Assets/MeshDestroy.cs using Guid(3b7f500cc5617e748a1b4bad308a5289) Importer(815301076,1909f56bfc062723c751e8b465ee728b)  -> (artifact id: 'd87919266cd32c46ac5843167ea69973') in 0.005665 seconds
  Import took 0.023003 seconds .

========================================================================
Received Import Request.
  Time since last request: 0.020695 seconds.
  path: Assets/MeshDestroy.cs
  artifactKey: Guid(3b7f500cc5617e748a1b4bad308a5289) Importer(815301076,1909f56bfc062723c751e8b465ee728b)
Start importing Assets/MeshDestroy.cs using Guid(3b7f500cc5617e748a1b4bad308a5289) Importer(815301076,1909f56bfc062723c751e8b465ee728b)  -> (artifact id: 'd87919266cd32c46ac5843167ea69973') in 0.002959 seconds
  Import took 0.005671 seconds .

========================================================================
Received Prepare
Registering precompiled user dll's ...
Registered in 0.007461 seconds.
Begin MonoManager ReloadAssembly
Native extension for WindowsStandalone target not found
Refreshing native plugins compatible for Editor in 0.27 ms, found 2 plugins.
Preloading 0 native plugins for Editor in 0.00 ms.
Mono: successfully reloaded assembly
- Completed reload, in  4.546 seconds
Platform modules already initialized, skipping
Refreshing native plugins compatible for Editor in 0.31 ms, found 2 plugins.
Preloading 0 native plugins for Editor in 0.00 ms.
Unloading 1383 Unused Serialized files (Serialized files now loaded: 0)
System memory in use before: 68.2 MB.
System memory in use after: 68.3 MB.

Unloading 14 unused Assets to reduce memory usage. Loaded Objects now: 1910.
Total: 2.155200 ms (FindLiveObjects: 0.208300 ms CreateObjectMapping: 0.043200 ms MarkObjects: 1.816200 ms  DeleteObjects: 0.086300 ms)

========================================================================
Received Prepare
Registering precompiled user dll's ...
Registered in 0.006492 seconds.
Begin MonoManager ReloadAssembly
Native extension for WindowsStandalone target not found
Refreshing native plugins compatible for Editor in 0.35 ms, found 2 plugins.
Preloading 0 native plugins for Editor in 0.00 ms.
Mono: successfully reloaded assembly
- Completed reload, in  1.056 seconds
Platform modules already initialized, skipping
Refreshing native plugins compatible for Editor in 0.28 ms, found 2 plugins.
Preloading 0 native plugins for Editor in 0.00 ms.
Unloading 1383 Unused Serialized files (Serialized files now loaded: 0)
System memory in use before: 68.2 MB.
System memory in use after: 68.3 MB.

Unloading 14 unused Assets to reduce memory usage. Loaded Objects now: 1913.
Total: 1.989000 ms (FindLiveObjects: 0.135600 ms CreateObjectMapping: 0.039700 ms MarkObjects: 1.706500 ms  DeleteObjects: 0.106500 ms)

========================================================================
Received Import Request.
  Time since last request: 78289.854381 seconds.
  path: Assets/MeshDestroy.cs
  artifactKey: Guid(3b7f500cc5617e748a1b4bad308a5289) Importer(815301076,1909f56bfc062723c751e8b465ee728b)
Start importing Assets/MeshDestroy.cs using Guid(3b7f500cc5617e748a1b4bad308a5289) Importer(815301076,1909f56bfc062723c751e8b465ee728b)  -> (artifact id: 'c1be8b267c55fd143e8864f2dca2f08e') in 0.004404 seconds
  Import took 0.006586 seconds .

========================================================================
Received Prepare
Registering precompiled user dll's ...
Registered in 0.004892 seconds.
Begin MonoManager ReloadAssembly
Native extension for WindowsStandalone target not found
Refreshing native plugins compatible for Editor in 0.28 ms, found 2 plugins.
Preloading 0 native plugins for Editor in 0.00 ms.
Mono: successfully reloaded assembly
- Completed reload, in  0.907 seconds
Platform modules already initialized, skipping
Refreshing native plugins compatible for Editor in 0.28 ms, found 2 plugins.
Preloading 0 native plugins for Editor in 0.00 ms.
Unloading 1383 Unused Serialized files (Serialized files now loaded: 0)
System memory in use before: 68.2 MB.
System memory in use after: 68.3 MB.

Unloading 14 unused Assets to reduce memory usage. Loaded Objects now: 1916.
Total: 2.006900 ms (FindLiveObjects: 0.144400 ms CreateObjectMapping: 0.034400 ms MarkObjects: 1.726600 ms  DeleteObjects: 0.100900 ms)

AssetImportWorkerClient::OnTransportError - code=2 error=End of file
